<?xml version="1.0" encoding="utf-8"?><testsuites name="pytest tests"><testsuite name="pytest" errors="0" failures="0" skipped="0" tests="15" time="2.070" timestamp="2026-05-21T08:19:34.509867+00:00" hostname="agent-env-d5800ddb-9708-4d15-b9be-f7cfd1150eb2"><testcase classname="backend.tests.test_iteration3_features.TestAuth" name="test_login_returns_token_no_otp" time="0.232" /><testcase classname="backend.tests.test_iteration3_features.TestAuth" name="test_auth_me" time="0.236" /><testcase classname="backend.tests.test_iteration3_features.TestTicketCreation" name="test_create_ticket_with_new_fields" time="0.135" /><testcase classname="backend.tests.test_iteration3_features.TestTicketCreation" name="test_create_ticket_missing_email_422" time="0.043" /><testcase classname="backend.tests.test_iteration3_features.TestTicketCreation" name="test_create_ticket_invalid_email_422" time="0.044" /><testcase classname="backend.tests.test_iteration3_features.TestTicketCreation" name="test_create_ticket_without_ref_numbers_still_works" time="0.047" /><testcase classname="backend.tests.test_iteration3_features.TestApproveFlow" name="test_approve_closes_ticket_and_mocks_email" time="0.136" /><testcase classname="backend.tests.test_iteration3_features.TestDeviceHistory" name="test_list_device_history" time="0.135" /><testcase classname="backend.tests.test_iteration3_features.TestDeviceHistory" name="test_filter_device_history" time="0.044" /><testcase classname="backend.tests.test_iteration3_features.TestDeviceHistory" name="test_export_device_history_xlsx" time="0.505" /><testcase classname="backend.tests.test_iteration3_features.TestDeviceHistory" name="test_delete_open_ticket_400" time="0.048" /><testcase classname="backend.tests.test_iteration3_features.TestDeviceHistory" name="test_soft_delete_and_restore" time="0.222" /><testcase classname="backend.tests.test_iteration3_features.TestBackwardCompat" name="test_companies_list" time="0.043" /><testcase classname="backend.tests.test_iteration3_features.TestBackwardCompat" name="test_dashboard_admin" time="0.045" /><testcase classname="backend.tests.test_iteration3_features.TestBackwardCompat" name="test_legacy_history_export" time="0.052" /></testsuite></testsuites>