<?xml version="1.0" encoding="utf-8"?><testsuites name="pytest tests"><testsuite name="pytest" errors="0" failures="0" skipped="0" tests="16" time="4.200" timestamp="2026-05-21T08:32:58.518765+00:00" hostname="agent-env-d5800ddb-9708-4d15-b9be-f7cfd1150eb2"><testcase classname="backend.tests.test_iteration3_features.TestAuth" name="test_login_returns_token_no_otp" time="0.234" /><testcase classname="backend.tests.test_iteration3_features.TestAuth" name="test_auth_me" time="0.233" /><testcase classname="backend.tests.test_iteration3_features.TestTicketCreation" name="test_create_ticket_with_new_fields" time="0.137" /><testcase classname="backend.tests.test_iteration3_features.TestTicketCreation" name="test_create_ticket_missing_email_422" time="0.045" /><testcase classname="backend.tests.test_iteration3_features.TestTicketCreation" name="test_create_ticket_invalid_email_422" time="0.045" /><testcase classname="backend.tests.test_iteration3_features.TestTicketCreation" name="test_create_ticket_without_ref_numbers_still_works" time="0.046" /><testcase classname="backend.tests.test_iteration3_features.TestApproveFlow" name="test_approve_closes_ticket_and_mocks_email" time="0.701" /><testcase classname="backend.tests.test_iteration3_features.TestDeviceHistory" name="test_list_device_history" time="0.590" /><testcase classname="backend.tests.test_iteration3_features.TestDeviceHistory" name="test_filter_device_history" time="0.045" /><testcase classname="backend.tests.test_iteration3_features.TestDeviceHistory" name="test_export_device_history_xlsx" time="0.618" /><testcase classname="backend.tests.test_iteration3_features.TestDeviceHistory" name="test_delete_open_ticket_400" time="0.047" /><testcase classname="backend.tests.test_iteration3_features.TestDeviceHistory" name="test_only_deleted_and_include_deleted_filters" time="0.907" /><testcase classname="backend.tests.test_iteration3_features.TestDeviceHistory" name="test_soft_delete_and_restore" time="0.226" /><testcase classname="backend.tests.test_iteration3_features.TestBackwardCompat" name="test_companies_list" time="0.044" /><testcase classname="backend.tests.test_iteration3_features.TestBackwardCompat" name="test_dashboard_admin" time="0.046" /><testcase classname="backend.tests.test_iteration3_features.TestBackwardCompat" name="test_legacy_history_export" time="0.052" /></testsuite></testsuites>