<?xml version="1.0" encoding="utf-8"?><testsuites name="pytest tests"><testsuite name="pytest" errors="0" failures="0" skipped="0" tests="33" time="7.060" timestamp="2026-05-12T04:31:24.161557+00:00" hostname="agent-env-ee8008ed-21a7-4aea-86f3-c9030ae3c3b3"><testcase classname="backend.tests.backend_test.TestAuth" name="test_login_returns_challenge_and_otp" time="0.422" /><testcase classname="backend.tests.backend_test.TestAuth" name="test_login_invalid_password" time="0.339" /><testcase classname="backend.tests.backend_test.TestAuth" name="test_verify_otp_invalid" time="0.430" /><testcase classname="backend.tests.backend_test.TestAuth" name="test_auth_me_admin" time="0.606" /><testcase classname="backend.tests.backend_test.TestAuth" name="test_auth_me_engineer" time="0.573" /><testcase classname="backend.tests.backend_test.TestEngineers" name="test_admin_list_engineers" time="0.104" /><testcase classname="backend.tests.backend_test.TestEngineers" name="test_admin_create_engineer" time="0.326" /><testcase classname="backend.tests.backend_test.TestEngineers" name="test_admin_update_engineer" time="0.121" /><testcase classname="backend.tests.backend_test.TestEngineers" name="test_engineer_cannot_create_engineer" time="0.115" /><testcase classname="backend.tests.backend_test.TestEngineers" name="test_admin_delete_engineer" time="0.104" /><testcase classname="backend.tests.backend_test.TestTicketLifecycle" name="test_create_ticket_auto_device_id" time="0.148" /><testcase classname="backend.tests.backend_test.TestTicketLifecycle" name="test_list_tickets_has_device_and_engineer" time="0.116" /><testcase classname="backend.tests.backend_test.TestTicketLifecycle" name="test_assign_ticket" time="0.233" /><testcase classname="backend.tests.backend_test.TestTicketLifecycle" name="test_engineer_status_progression[accepted]" time="0.162" /><testcase classname="backend.tests.backend_test.TestTicketLifecycle" name="test_engineer_status_progression[travelling]" time="0.150" /><testcase classname="backend.tests.backend_test.TestTicketLifecycle" name="test_engineer_status_progression[reached_site]" time="0.109" /><testcase classname="backend.tests.backend_test.TestTicketLifecycle" name="test_engineer_status_progression[in_progress]" time="0.109" /><testcase classname="backend.tests.backend_test.TestTicketLifecycle" name="test_engineer_cannot_create_ticket" time="0.105" /><testcase classname="backend.tests.backend_test.TestTicketLifecycle" name="test_engineer_only_sees_own_tickets" time="0.109" /><testcase classname="backend.tests.backend_test.TestTicketLifecycle" name="test_submit_report_generates_pdf" time="0.476" /><testcase classname="backend.tests.backend_test.TestTicketLifecycle" name="test_ticket_now_resolved" time="0.112" /><testcase classname="backend.tests.backend_test.TestTicketLifecycle" name="test_pdf_download_with_bearer" time="0.311" /><testcase classname="backend.tests.backend_test.TestTicketLifecycle" name="test_pdf_download_with_query_token" time="0.410" /><testcase classname="backend.tests.backend_test.TestTicketLifecycle" name="test_admin_approve_completes_ticket" time="0.111" /><testcase classname="backend.tests.backend_test.TestDevices" name="test_search_devices" time="0.104" /><testcase classname="backend.tests.backend_test.TestDevices" name="test_get_device_with_history" time="0.110" /><testcase classname="backend.tests.backend_test.TestAttendance" name="test_check_in_then_check_out" time="0.256" /><testcase classname="backend.tests.backend_test.TestAttendance" name="test_today" time="0.114" /><testcase classname="backend.tests.backend_test.TestDashboardAnalytics" name="test_admin_dashboard" time="0.122" /><testcase classname="backend.tests.backend_test.TestDashboardAnalytics" name="test_engineer_dashboard" time="0.108" /><testcase classname="backend.tests.backend_test.TestDashboardAnalytics" name="test_engineer_cannot_admin_dashboard" time="0.110" /><testcase classname="backend.tests.backend_test.TestDashboardAnalytics" name="test_analytics" time="0.108" /><testcase classname="backend.tests.backend_test.TestDashboardAnalytics" name="test_engineer_cannot_analytics" time="0.105" /></testsuite></testsuites>