<?xml version="1.0" encoding="utf-8"?><testsuites name="pytest tests"><testsuite name="pytest" errors="0" failures="1" skipped="0" tests="29" time="9.601" timestamp="2026-05-12T08:54:02.330972+00:00" hostname="agent-env-ee8008ed-21a7-4aea-86f3-c9030ae3c3b3"><testcase classname="backend.tests.backend_test.TestAuth" name="test_admin_login_and_me" time="0.712" /><testcase classname="backend.tests.backend_test.TestAuth" name="test_engineer_me" time="0.785" /><testcase classname="backend.tests.backend_test.TestAuth" name="test_legacy_admin_login_works" time="0.156"><failure message="AssertionError: login failed: 401 {&quot;detail&quot;:&quot;Invalid credentials&quot;}&#10;assert 401 == 200&#10; +  where 401 = &lt;Response [401]&gt;.status_code">backend/tests/backend_test.py:88: in test_legacy_admin_login_works
    token = _login("admin@plutusventures.com", "admin123")
            ^^^^^^^^^^^^^^^^^^^^^^^^^^^^^^^^^^^^^^^^^^^^^^
backend/tests/backend_test.py:43: in _login
    assert r.status_code == 200, f"login failed: {r.status_code} {r.text}"
E   AssertionError: login failed: 401 {"detail":"Invalid credentials"}
E   assert 401 == 200
E    +  where 401 = &lt;Response [401]&gt;.status_code</failure></testcase><testcase classname="backend.tests.backend_test.TestCompanies" name="test_create_company_auto_code" time="0.154" /><testcase classname="backend.tests.backend_test.TestCompanies" name="test_duplicate_company_name_rejected_case_insensitive" time="0.145" /><testcase classname="backend.tests.backend_test.TestCompanies" name="test_engineer_cannot_create_company" time="0.157" /><testcase classname="backend.tests.backend_test.TestCompanies" name="test_list_companies_pagination_shape" time="0.156" /><testcase classname="backend.tests.backend_test.TestCompanies" name="test_list_search_and_status_filter" time="0.167" /><testcase classname="backend.tests.backend_test.TestCompanies" name="test_get_company_with_tickets_and_devices" time="0.526" /><testcase classname="backend.tests.backend_test.TestCompanies" name="test_update_company_propagates_name" time="0.179" /><testcase classname="backend.tests.backend_test.TestTickets" name="test_create_ticket_requires_company" time="0.184" /><testcase classname="backend.tests.backend_test.TestTickets" name="test_create_ticket_with_company_autofills" time="0.204" /><testcase classname="backend.tests.backend_test.TestTickets" name="test_create_ticket_rejects_inactive_company" time="0.590" /><testcase classname="backend.tests.backend_test.TestTickets" name="test_list_tickets_has_company_fields" time="0.166" /><testcase classname="backend.tests.backend_test.TestTickets" name="test_assign_then_accepted_creates_status_log" time="1.441" /><testcase classname="backend.tests.backend_test.TestTickets" name="test_progression[travelling]" time="0.151" /><testcase classname="backend.tests.backend_test.TestTickets" name="test_progression[reached_site]" time="0.142" /><testcase classname="backend.tests.backend_test.TestTickets" name="test_progression[in_progress]" time="0.144" /><testcase classname="backend.tests.backend_test.TestTickets" name="test_report_requires_signature" time="0.169" /><testcase classname="backend.tests.backend_test.TestTickets" name="test_report_non_assigned_engineer_forbidden" time="1.193" /><testcase classname="backend.tests.backend_test.TestTickets" name="test_submit_report_generates_pdf_and_moves_to_report_generated" time="0.251" /><testcase classname="backend.tests.backend_test.TestTickets" name="test_ticket_now_report_generated" time="0.148" /><testcase classname="backend.tests.backend_test.TestTickets" name="test_get_report_endpoint" time="0.139" /><testcase classname="backend.tests.backend_test.TestTickets" name="test_files_endpoint_with_query_token" time="0.229" /><testcase classname="backend.tests.backend_test.TestTickets" name="test_legacy_ticket_pdf_endpoint" time="0.203" /><testcase classname="backend.tests.backend_test.TestTickets" name="test_approve_sets_status_closed" time="0.156" /><testcase classname="backend.tests.backend_test.TestCompanyDelete" name="test_delete_company_blocked_with_active_ticket" time="0.398" /><testcase classname="backend.tests.backend_test.TestCompanyDelete" name="test_delete_company_ok_when_no_open_tickets" time="0.246" /><testcase classname="backend.tests.backend_test.TestDashboard" name="test_admin_dashboard_includes_companies_and_new_statuses" time="0.178" /></testsuite></testsuites>